<?xml version="1.0" encoding="UTF-8"?>
<!-- Generated by org.testng.reporters.JUnitReportReporter -->
<testsuite hostname="neethu" failures="0" tests="6" name="testpackage.testclass" time="17.351" errors="0" timestamp="2024-06-14T04:11:22 IST" skipped="5">
  <testcase classname="testpackage.testclass" name="datadriven" time="17.351"/>
  <testcase classname="testpackage.testclass" name="linkcount">
    <skipped/>
  </testcase> <!-- linkcount -->
  <testcase classname="testpackage.testclass" name="buttontext">
    <skipped/>
  </testcase> <!-- buttontext -->
  <testcase classname="testpackage.testclass" name="titleverification">
    <skipped/>
  </testcase> <!-- titleverification -->
  <testcase classname="testpackage.testclass" name="logoverification">
    <skipped/>
  </testcase> <!-- logoverification -->
  <testcase classname="testpackage.testclass" name="screenshot">
    <skipped/>
  </testcase> <!-- screenshot -->
</testsuite> <!-- testpackage.testclass -->
